<?xml version="1.0" encoding="UTF-8"?>
<!-- Generated by org.testng.reporters.JUnitReportReporter -->
<testsuite hostname="MudasirE480" failures="0" tests="1" name="Testlink.MySqlConn" time="0.224" errors="0" timestamp="2020-07-15T23:45:08 AST" skipped="0">
  <testcase classname="Testlink.MySqlConn" name="testDB" time="0.224"/>
  <system-out/>
</testsuite> <!-- Testlink.MySqlConn -->
